# JRE version: OpenJDK Runtime Environment GraalVM CE 22.3.0 (17.0.5+8) (build 17.0.5+8-jvmci-22.3-b08)
# Java VM: OpenJDK 64-Bit Server VM GraalVM CE 22.3.0 (17.0.5+8-jvmci-22.3-b08, mixed mode, sharing, tiered, jvmci, jvmci compiler, compressed oops, compressed class ptrs, parallel gc, linux-amd64)
GC Precious Log:
 CPUs: 8 total, 1 available
 Memory: 1024M
 Large Page Support: Disabled
 NUMA Support: Disabled
 Compressed Oops: Enabled (32-bit)
 Alignments: Space 512K, Generation 512K, Heap 2M
 Heap Min Capacity: 100M
 Heap Initial Capacity: 100M
 Heap Max Capacity: 512M
 Pre-touch: Disabled
 Parallel Workers: 1
Heap:
 PSYoungGen      total 44544K, used 31743K [0x00000000f5580000, 0x00000000f9300000, 0x0000000100000000)
  eden space 31744K, 99% used [0x00000000f5580000,0x00000000f747fff0,0x00000000f7480000)
  from space 12800K, 0% used [0x00000000f8300000,0x00000000f8300000,0x00000000f8f80000)
  to   space 14848K, 0% used [0x00000000f7480000,0x00000000f7480000,0x00000000f8300000)
 ParOldGen       total 349696K, used 349695K [0x00000000e0000000, 0x00000000f5580000, 0x00000000f5580000)
  object space 349696K, 99% used [0x00000000e0000000,0x00000000f557ffc0,0x00000000f5580000)
 Metaspace       used 53946K, committed 54720K, reserved 1105920K
  class space    used 5454K, committed 5760K, reserved 1048576K
GC Heap History (20 events):
Event: 957.232 GC heap before
{Heap before GC invocations=785 (full 683):
 PSYoungGen      total 44544K, used 31743K [0x00000000f5580000, 0x00000000f9300000, 0x0000000100000000)
  eden space 31744K, 99% used [0x00000000f5580000,0x00000000f747fff8,0x00000000f7480000)
  from space 12800K, 0% used [0x00000000f8300000,0x00000000f8300000,0x00000000f8f80000)
  to   space 14848K, 0% used [0x00000000f7480000,0x00000000f7480000,0x00000000f8300000)
 ParOldGen       total 349696K, used 349696K [0x00000000e0000000, 0x00000000f5580000, 0x00000000f5580000)
  object space 349696K, 100% used [0x00000000e0000000,0x00000000f5580000,0x00000000f5580000)
 Metaspace       used 53946K, committed 54720K, reserved 1105920K
  class space    used 5454K, committed 5760K, reserved 1048576K
}
Event: 958.399 GC heap after
{Heap after GC invocations=785 (full 683):
 PSYoungGen      total 46592K, used 31743K [0x00000000f5580000, 0x00000000f9300000, 0x0000000100000000)
  eden space 31744K, 99% used [0x00000000f5580000,0x00000000f747fff8,0x00000000f7480000)
  from space 14848K, 0% used [0x00000000f7480000,0x00000000f7480000,0x00000000f8300000)
  to   space 12800K, 0% used [0x00000000f8300000,0x00000000f8300000,0x00000000f8f80000)
 ParOldGen       total 349696K, used 349695K [0x00000000e0000000, 0x00000000f5580000, 0x00000000f5580000)
  object space 349696K, 99% used [0x00000000e0000000,0x00000000f557ff30,0x00000000f5580000)
 Metaspace       used 53946K, committed 54720K, reserved 1105920K
  class space    used 5454K, committed 5760K, reserved 1048576K
}
Event: 958.400 GC heap before
{Heap before GC invocations=786 (full 684):
 PSYoungGen      total 46592K, used 31743K [0x00000000f5580000, 0x00000000f9300000, 0x0000000100000000)
  eden space 31744K, 99% used [0x00000000f5580000,0x00000000f747fff8,0x00000000f7480000)
  from space 14848K, 0% used [0x00000000f7480000,0x00000000f7480000,0x00000000f8300000)
  to   space 12800K, 0% used [0x00000000f8300000,0x00000000f8300000,0x00000000f8f80000)
 ParOldGen       total 349696K, used 349695K [0x00000000e0000000, 0x00000000f5580000, 0x00000000f5580000)
  object space 349696K, 99% used [0x00000000e0000000,0x00000000f557ff88,0x00000000f5580000)
 Metaspace       used 53946K, committed 54720K, reserved 1105920K
  class space    used 5454K, committed 5760K, reserved 1048576K
}
Event: 959.611 GC heap after
{Heap after GC invocations=786 (full 684):
 PSYoungGen      total 44544K, used 31743K [0x00000000f5580000, 0x00000000f9300000, 0x0000000100000000)
  eden space 31744K, 99% used [0x00000000f5580000,0x00000000f747fff8,0x00000000f7480000)
  from space 12800K, 0% used [0x00000000f8300000,0x00000000f8300000,0x00000000f8f80000)
  to   space 14848K, 0% used [0x00000000f7480000,0x00000000f7480000,0x00000000f8300000)
 ParOldGen       total 349696K, used 349695K [0x00000000e0000000, 0x00000000f5580000, 0x00000000f5580000)
  object space 349696K, 99% used [0x00000000e0000000,0x00000000f557ff50,0x00000000f5580000)
 Metaspace       used 53946K, committed 54720K, reserved 1105920K
  class space    used 5454K, committed 5760K, reserved 1048576K
}
Event: 959.612 GC heap before
{Heap before GC invocations=787 (full 685):
 PSYoungGen      total 44544K, used 31743K [0x00000000f5580000, 0x00000000f9300000, 0x0000000100000000)
  eden space 31744K, 99% used [0x00000000f5580000,0x00000000f747fff8,0x00000000f7480000)
  from space 12800K, 0% used [0x00000000f8300000,0x00000000f8300000,0x00000000f8f80000)
  to   space 14848K, 0% used [0x00000000f7480000,0x00000000f7480000,0x00000000f8300000)
 ParOldGen       total 349696K, used 349695K [0x00000000e0000000, 0x00000000f5580000, 0x00000000f5580000)
  object space 349696K, 99% used [0x00000000e0000000,0x00000000f557fff0,0x00000000f5580000)
 Metaspace       used 53946K, committed 54720K, reserved 1105920K
  class space    used 5454K, committed 5760K, reserved 1048576K
}
Event: 960.745 GC heap after
{Heap after GC invocations=787 (full 685):
 PSYoungGen      total 46592K, used 31743K [0x00000000f5580000, 0x00000000f9300000, 0x0000000100000000)
  eden space 31744K, 99% used [0x00000000f5580000,0x00000000f747fff8,0x00000000f7480000)
  from space 14848K, 0% used [0x00000000f7480000,0x00000000f7480000,0x00000000f8300000)
  to   space 12800K, 0% used [0x00000000f8300000,0x00000000f8300000,0x00000000f8f80000)
 ParOldGen       total 349696K, used 349695K [0x00000000e0000000, 0x00000000f5580000, 0x00000000f5580000)
  object space 349696K, 99% used [0x00000000e0000000,0x00000000f557ff20,0x00000000f5580000)
 Metaspace       used 53946K, committed 54720K, reserved 1105920K
  class space    used 5454K, committed 5760K, reserved 1048576K
}
Event: 960.745 GC heap before
{Heap before GC invocations=788 (full 686):
 PSYoungGen      total 46592K, used 31743K [0x00000000f5580000, 0x00000000f9300000, 0x0000000100000000)
  eden space 31744K, 99% used [0x00000000f5580000,0x00000000f747fff8,0x00000000f7480000)
  from space 14848K, 0% used [0x00000000f7480000,0x00000000f7480000,0x00000000f8300000)
  to   space 12800K, 0% used [0x00000000f8300000,0x00000000f8300000,0x00000000f8f80000)
 ParOldGen       total 349696K, used 349695K [0x00000000e0000000, 0x00000000f5580000, 0x00000000f5580000)
  object space 349696K, 99% used [0x00000000e0000000,0x00000000f557ffe8,0x00000000f5580000)
 Metaspace       used 53946K, committed 54720K, reserved 1105920K
  class space    used 5454K, committed 5760K, reserved 1048576K
}
Event: 962.016 GC heap after
{Heap after GC invocations=788 (full 686):
 PSYoungGen      total 44544K, used 31743K [0x00000000f5580000, 0x00000000f9300000, 0x0000000100000000)
  eden space 31744K, 99% used [0x00000000f5580000,0x00000000f747fff8,0x00000000f7480000)
  from space 12800K, 0% used [0x00000000f8300000,0x00000000f8300000,0x00000000f8f80000)
  to   space 14848K, 0% used [0x00000000f7480000,0x00000000f7480000,0x00000000f8300000)
 ParOldGen       total 349696K, used 349695K [0x00000000e0000000, 0x00000000f5580000, 0x00000000f5580000)
  object space 349696K, 99% used [0x00000000e0000000,0x00000000f557ffe8,0x00000000f5580000)
 Metaspace       used 53946K, committed 54720K, reserved 1105920K
  class space    used 5454K, committed 5760K, reserved 1048576K
}
Event: 962.016 GC heap before
{Heap before GC invocations=789 (full 687):
 PSYoungGen      total 44544K, used 31743K [0x00000000f5580000, 0x00000000f9300000, 0x0000000100000000)
  eden space 31744K, 99% used [0x00000000f5580000,0x00000000f747fff8,0x00000000f7480000)
  from space 12800K, 0% used [0x00000000f8300000,0x00000000f8300000,0x00000000f8f80000)
  to   space 14848K, 0% used [0x00000000f7480000,0x00000000f7480000,0x00000000f8300000)
 ParOldGen       total 349696K, used 349695K [0x00000000e0000000, 0x00000000f5580000, 0x00000000f5580000)
  object space 349696K, 99% used [0x00000000e0000000,0x00000000f557ffe8,0x00000000f5580000)
 Metaspace       used 53946K, committed 54720K, reserved 1105920K
  class space    used 5454K, committed 5760K, reserved 1048576K
}
Event: 963.133 GC heap after
{Heap after GC invocations=789 (full 687):
 PSYoungGen      total 46592K, used 31743K [0x00000000f5580000, 0x00000000f9300000, 0x0000000100000000)
  eden space 31744K, 99% used [0x00000000f5580000,0x00000000f747fff8,0x00000000f7480000)
  from space 14848K, 0% used [0x00000000f7480000,0x00000000f7480000,0x00000000f8300000)
  to   space 12800K, 0% used [0x00000000f8300000,0x00000000f8300000,0x00000000f8f80000)
 ParOldGen       total 349696K, used 349695K [0x00000000e0000000, 0x00000000f5580000, 0x00000000f5580000)
  object space 349696K, 99% used [0x00000000e0000000,0x00000000f557ffe8,0x00000000f5580000)
 Metaspace       used 53946K, committed 54720K, reserved 1105920K
  class space    used 5454K, committed 5760K, reserved 1048576K
}
Event: 963.133 GC heap before
{Heap before GC invocations=790 (full 688):
 PSYoungGen      total 46592K, used 31743K [0x00000000f5580000, 0x00000000f9300000, 0x0000000100000000)
  eden space 31744K, 99% used [0x00000000f5580000,0x00000000f747fff8,0x00000000f7480000)
  from space 14848K, 0% used [0x00000000f7480000,0x00000000f7480000,0x00000000f8300000)
  to   space 12800K, 0% used [0x00000000f8300000,0x00000000f8300000,0x00000000f8f80000)
 ParOldGen       total 349696K, used 349695K [0x00000000e0000000, 0x00000000f5580000, 0x00000000f5580000)
  object space 349696K, 99% used [0x00000000e0000000,0x00000000f557ffe8,0x00000000f5580000)
 Metaspace       used 53946K, committed 54720K, reserved 1105920K
  class space    used 5454K, committed 5760K, reserved 1048576K
}
Event: 964.416 GC heap after
{Heap after GC invocations=790 (full 688):
 PSYoungGen      total 44544K, used 31743K [0x00000000f5580000, 0x00000000f9300000, 0x0000000100000000)
  eden space 31744K, 99% used [0x00000000f5580000,0x00000000f747fff8,0x00000000f7480000)
  from space 12800K, 0% used [0x00000000f8300000,0x00000000f8300000,0x00000000f8f80000)
  to   space 14848K, 0% used [0x00000000f7480000,0x00000000f7480000,0x00000000f8300000)
 ParOldGen       total 349696K, used 349695K [0x00000000e0000000, 0x00000000f5580000, 0x00000000f5580000)
  object space 349696K, 99% used [0x00000000e0000000,0x00000000f557ffe8,0x00000000f5580000)
 Metaspace       used 53946K, committed 54720K, reserved 1105920K
  class space    used 5454K, committed 5760K, reserved 1048576K
}
Event: 964.416 GC heap before
{Heap before GC invocations=791 (full 689):
 PSYoungGen      total 44544K, used 31743K [0x00000000f5580000, 0x00000000f9300000, 0x0000000100000000)
  eden space 31744K, 99% used [0x00000000f5580000,0x00000000f747fff8,0x00000000f7480000)
  from space 12800K, 0% used [0x00000000f8300000,0x00000000f8300000,0x00000000f8f80000)
  to   space 14848K, 0% used [0x00000000f7480000,0x00000000f7480000,0x00000000f8300000)
 ParOldGen       total 349696K, used 349695K [0x00000000e0000000, 0x00000000f5580000, 0x00000000f5580000)
  object space 349696K, 99% used [0x00000000e0000000,0x00000000f557ffe8,0x00000000f5580000)
 Metaspace       used 53946K, committed 54720K, reserved 1105920K
  class space    used 5454K, committed 5760K, reserved 1048576K
}
Event: 965.612 GC heap after
{Heap after GC invocations=791 (full 689):
 PSYoungGen      total 46592K, used 31743K [0x00000000f5580000, 0x00000000f9300000, 0x0000000100000000)
  eden space 31744K, 99% used [0x00000000f5580000,0x00000000f747fff8,0x00000000f7480000)
  from space 14848K, 0% used [0x00000000f7480000,0x00000000f7480000,0x00000000f8300000)
  to   space 12800K, 0% used [0x00000000f8300000,0x00000000f8300000,0x00000000f8f80000)
 ParOldGen       total 349696K, used 349695K [0x00000000e0000000, 0x00000000f5580000, 0x00000000f5580000)
  object space 349696K, 99% used [0x00000000e0000000,0x00000000f557ffe8,0x00000000f5580000)
 Metaspace       used 53946K, committed 54720K, reserved 1105920K
  class space    used 5454K, committed 5760K, reserved 1048576K
}
Event: 965.613 GC heap before
{Heap before GC invocations=792 (full 690):
 PSYoungGen      total 46592K, used 31743K [0x00000000f5580000, 0x00000000f9300000, 0x0000000100000000)
  eden space 31744K, 99% used [0x00000000f5580000,0x00000000f747fff8,0x00000000f7480000)
  from space 14848K, 0% used [0x00000000f7480000,0x00000000f7480000,0x00000000f8300000)
  to   space 12800K, 0% used [0x00000000f8300000,0x00000000f8300000,0x00000000f8f80000)
 ParOldGen       total 349696K, used 349695K [0x00000000e0000000, 0x00000000f5580000, 0x00000000f5580000)
  object space 349696K, 99% used [0x00000000e0000000,0x00000000f557fff8,0x00000000f5580000)
 Metaspace       used 53946K, committed 54720K, reserved 1105920K
  class space    used 5454K, committed 5760K, reserved 1048576K
}
Event: 966.843 GC heap after
{Heap after GC invocations=792 (full 690):
 PSYoungGen      total 44544K, used 31743K [0x00000000f5580000, 0x00000000f9300000, 0x0000000100000000)
  eden space 31744K, 99% used [0x00000000f5580000,0x00000000f747fff8,0x00000000f7480000)
  from space 12800K, 0% used [0x00000000f8300000,0x00000000f8300000,0x00000000f8f80000)
  to   space 14848K, 0% used [0x00000000f7480000,0x00000000f7480000,0x00000000f8300000)
 ParOldGen       total 349696K, used 349695K [0x00000000e0000000, 0x00000000f5580000, 0x00000000f5580000)
  object space 349696K, 99% used [0x00000000e0000000,0x00000000f557ff38,0x00000000f5580000)
 Metaspace       used 53946K, committed 54720K, reserved 1105920K
  class space    used 5454K, committed 5760K, reserved 1048576K
}
Event: 966.844 GC heap before
{Heap before GC invocations=793 (full 691):
 PSYoungGen      total 44544K, used 31743K [0x00000000f5580000, 0x00000000f9300000, 0x0000000100000000)
  eden space 31744K, 99% used [0x00000000f5580000,0x00000000f747fff8,0x00000000f7480000)
  from space 12800K, 0% used [0x00000000f8300000,0x00000000f8300000,0x00000000f8f80000)
  to   space 14848K, 0% used [0x00000000f7480000,0x00000000f7480000,0x00000000f8300000)
 ParOldGen       total 349696K, used 349695K [0x00000000e0000000, 0x00000000f5580000, 0x00000000f5580000)
  object space 349696K, 99% used [0x00000000e0000000,0x00000000f557ff60,0x00000000f5580000)
 Metaspace       used 53946K, committed 54720K, reserved 1105920K
  class space    used 5454K, committed 5760K, reserved 1048576K
}
Event: 968.000 GC heap after
{Heap after GC invocations=793 (full 691):
 PSYoungGen      total 46592K, used 31743K [0x00000000f5580000, 0x00000000f9300000, 0x0000000100000000)
  eden space 31744K, 99% used [0x00000000f5580000,0x00000000f747ffb0,0x00000000f7480000)
  from space 14848K, 0% used [0x00000000f7480000,0x00000000f7480000,0x00000000f8300000)
  to   space 12800K, 0% used [0x00000000f8300000,0x00000000f8300000,0x00000000f8f80000)
 ParOldGen       total 349696K, used 349695K [0x00000000e0000000, 0x00000000f5580000, 0x00000000f5580000)
  object space 349696K, 99% used [0x00000000e0000000,0x00000000f557fdf0,0x00000000f5580000)
 Metaspace       used 53946K, committed 54720K, reserved 1105920K
  class space    used 5454K, committed 5760K, reserved 1048576K
}
Event: 968.000 GC heap before
{Heap before GC invocations=794 (full 692):
 PSYoungGen      total 46592K, used 31743K [0x00000000f5580000, 0x00000000f9300000, 0x0000000100000000)
  eden space 31744K, 99% used [0x00000000f5580000,0x00000000f747ffb0,0x00000000f7480000)
  from space 14848K, 0% used [0x00000000f7480000,0x00000000f7480000,0x00000000f8300000)
  to   space 12800K, 0% used [0x00000000f8300000,0x00000000f8300000,0x00000000f8f80000)
 ParOldGen       total 349696K, used 349695K [0x00000000e0000000, 0x00000000f5580000, 0x00000000f5580000)
  object space 349696K, 99% used [0x00000000e0000000,0x00000000f557fdf0,0x00000000f5580000)
 Metaspace       used 53946K, committed 54720K, reserved 1105920K
  class space    used 5454K, committed 5760K, reserved 1048576K
}
Event: 969.234 GC heap after
{Heap after GC invocations=794 (full 692):
 PSYoungGen      total 44544K, used 31743K [0x00000000f5580000, 0x00000000f9300000, 0x0000000100000000)
  eden space 31744K, 99% used [0x00000000f5580000,0x00000000f747ff88,0x00000000f7480000)
  from space 12800K, 0% used [0x00000000f8300000,0x00000000f8300000,0x00000000f8f80000)
  to   space 14848K, 0% used [0x00000000f7480000,0x00000000f7480000,0x00000000f8300000)
 ParOldGen       total 349696K, used 349695K [0x00000000e0000000, 0x00000000f5580000, 0x00000000f5580000)
  object space 349696K, 99% used [0x00000000e0000000,0x00000000f557fdf0,0x00000000f5580000)
 Metaspace       used 53946K, committed 54720K, reserved 1105920K
  class space    used 5454K, committed 5760K, reserved 1048576K
}

